<?xml version="1.0" encoding="UTF-8"?>
<!-- Generated by org.testng.reporters.JUnitReportReporter -->
<testsuite hostname="DINA-ACER" failures="0" tests="2" name="APITests" time="2.613" errors="0" timestamp="2022-10-22T17:27:55 CEST" skipped="0">
  <testcase classname="APITests" name="test1" time="2.455"/>
  <system-out/>
  <testcase classname="APITests" name="test2" time="0.158"/>
  <system-out/>
</testsuite> <!-- APITests -->
